Performing C SOURCE FILE Test UV_LINT_W4 failed with the following output:
Change Dir: /home/kuanghongliang/Documents/vscode_projects/kusr_code/build/CMakeFiles/CMakeTmp

Run Build Command(s):/usr/bin/make cmTC_8d6b3/fast && /usr/bin/make  -f CMakeFiles/cmTC_8d6b3.dir/build.make CMakeFiles/cmTC_8d6b3.dir/build
make[1]: Entering directory '/home/kuanghongliang/Documents/vscode_projects/kusr_code/build/CMakeFiles/CMakeTmp'
Building C object CMakeFiles/cmTC_8d6b3.dir/src.c.o
/usr/bin/cc   -DUV_LINT_W4   /W4 -o CMakeFiles/cmTC_8d6b3.dir/src.c.o -c /home/kuanghongliang/Documents/vscode_projects/kusr_code/build/CMakeFiles/CMakeTmp/src.c
cc: error: /W4: No such file or directory
make[1]: *** [CMakeFiles/cmTC_8d6b3.dir/build.make:85: CMakeFiles/cmTC_8d6b3.dir/src.c.o] Error 1
make[1]: Leaving directory '/home/kuanghongliang/Documents/vscode_projects/kusr_code/build/CMakeFiles/CMakeTmp'
make: *** [Makefile:140: cmTC_8d6b3/fast] Error 2


Source file was:
int main(void) { return 0; }
Performing C SOURCE FILE Test UV_LINT_NO_UNUSED_PARAMETER_MSVC failed with the following output:
Change Dir: /home/kuanghongliang/Documents/vscode_projects/kusr_code/build/CMakeFiles/CMakeTmp

Run Build Command(s):/usr/bin/make cmTC_58425/fast && /usr/bin/make  -f CMakeFiles/cmTC_58425.dir/build.make CMakeFiles/cmTC_58425.dir/build
make[1]: Entering directory '/home/kuanghongliang/Documents/vscode_projects/kusr_code/build/CMakeFiles/CMakeTmp'
Building C object CMakeFiles/cmTC_58425.dir/src.c.o
/usr/bin/cc   -DUV_LINT_NO_UNUSED_PARAMETER_MSVC   /wd4100 -o CMakeFiles/cmTC_58425.dir/src.c.o -c /home/kuanghongliang/Documents/vscode_projects/kusr_code/build/CMakeFiles/CMakeTmp/src.c
cc: error: /wd4100: No such file or directory
make[1]: *** [CMakeFiles/cmTC_58425.dir/build.make:85: CMakeFiles/cmTC_58425.dir/src.c.o] Error 1
make[1]: Leaving directory '/home/kuanghongliang/Documents/vscode_projects/kusr_code/build/CMakeFiles/CMakeTmp'
make: *** [Makefile:140: cmTC_58425/fast] Error 2


Source file was:
int main(void) { return 0; }
Performing C SOURCE FILE Test UV_LINT_NO_CONDITIONAL_CONSTANT_MSVC failed with the following output:
Change Dir: /home/kuanghongliang/Documents/vscode_projects/kusr_code/build/CMakeFiles/CMakeTmp

Run Build Command(s):/usr/bin/make cmTC_c9d92/fast && /usr/bin/make  -f CMakeFiles/cmTC_c9d92.dir/build.make CMakeFiles/cmTC_c9d92.dir/build
make[1]: Entering directory '/home/kuanghongliang/Documents/vscode_projects/kusr_code/build/CMakeFiles/CMakeTmp'
Building C object CMakeFiles/cmTC_c9d92.dir/src.c.o
/usr/bin/cc   -DUV_LINT_NO_CONDITIONAL_CONSTANT_MSVC   /wd4127 -o CMakeFiles/cmTC_c9d92.dir/src.c.o -c /home/kuanghongliang/Documents/vscode_projects/kusr_code/build/CMakeFiles/CMakeTmp/src.c
cc: error: /wd4127: No such file or directory
make[1]: *** [CMakeFiles/cmTC_c9d92.dir/build.make:85: CMakeFiles/cmTC_c9d92.dir/src.c.o] Error 1
make[1]: Leaving directory '/home/kuanghongliang/Documents/vscode_projects/kusr_code/build/CMakeFiles/CMakeTmp'
make: *** [Makefile:140: cmTC_c9d92/fast] Error 2


Source file was:
int main(void) { return 0; }
Performing C SOURCE FILE Test UV_LINT_NO_NONSTANDARD_MSVC failed with the following output:
Change Dir: /home/kuanghongliang/Documents/vscode_projects/kusr_code/build/CMakeFiles/CMakeTmp

Run Build Command(s):/usr/bin/make cmTC_4343d/fast && /usr/bin/make  -f CMakeFiles/cmTC_4343d.dir/build.make CMakeFiles/cmTC_4343d.dir/build
make[1]: Entering directory '/home/kuanghongliang/Documents/vscode_projects/kusr_code/build/CMakeFiles/CMakeTmp'
Building C object CMakeFiles/cmTC_4343d.dir/src.c.o
/usr/bin/cc   -DUV_LINT_NO_NONSTANDARD_MSVC   /wd4201 -o CMakeFiles/cmTC_4343d.dir/src.c.o -c /home/kuanghongliang/Documents/vscode_projects/kusr_code/build/CMakeFiles/CMakeTmp/src.c
cc: error: /wd4201: No such file or directory
make[1]: *** [CMakeFiles/cmTC_4343d.dir/build.make:85: CMakeFiles/cmTC_4343d.dir/src.c.o] Error 1
make[1]: Leaving directory '/home/kuanghongliang/Documents/vscode_projects/kusr_code/build/CMakeFiles/CMakeTmp'
make: *** [Makefile:140: cmTC_4343d/fast] Error 2


Source file was:
int main(void) { return 0; }
Performing C SOURCE FILE Test UV_LINT_NO_NONSTANDARD_EMPTY_TU_MSVC failed with the following output:
Change Dir: /home/kuanghongliang/Documents/vscode_projects/kusr_code/build/CMakeFiles/CMakeTmp

Run Build Command(s):/usr/bin/make cmTC_ee27b/fast && /usr/bin/make  -f CMakeFiles/cmTC_ee27b.dir/build.make CMakeFiles/cmTC_ee27b.dir/build
make[1]: Entering directory '/home/kuanghongliang/Documents/vscode_projects/kusr_code/build/CMakeFiles/CMakeTmp'
Building C object CMakeFiles/cmTC_ee27b.dir/src.c.o
/usr/bin/cc   -DUV_LINT_NO_NONSTANDARD_EMPTY_TU_MSVC   /wd4206 -o CMakeFiles/cmTC_ee27b.dir/src.c.o -c /home/kuanghongliang/Documents/vscode_projects/kusr_code/build/CMakeFiles/CMakeTmp/src.c
cc: error: /wd4206: No such file or directory
make[1]: *** [CMakeFiles/cmTC_ee27b.dir/build.make:85: CMakeFiles/cmTC_ee27b.dir/src.c.o] Error 1
make[1]: Leaving directory '/home/kuanghongliang/Documents/vscode_projects/kusr_code/build/CMakeFiles/CMakeTmp'
make: *** [Makefile:140: cmTC_ee27b/fast] Error 2


Source file was:
int main(void) { return 0; }
Performing C SOURCE FILE Test UV_LINT_NO_NONSTANDARD_FILE_SCOPE_MSVC failed with the following output:
Change Dir: /home/kuanghongliang/Documents/vscode_projects/kusr_code/build/CMakeFiles/CMakeTmp

Run Build Command(s):/usr/bin/make cmTC_ece71/fast && /usr/bin/make  -f CMakeFiles/cmTC_ece71.dir/build.make CMakeFiles/cmTC_ece71.dir/build
make[1]: Entering directory '/home/kuanghongliang/Documents/vscode_projects/kusr_code/build/CMakeFiles/CMakeTmp'
Building C object CMakeFiles/cmTC_ece71.dir/src.c.o
/usr/bin/cc   -DUV_LINT_NO_NONSTANDARD_FILE_SCOPE_MSVC   /wd4210 -o CMakeFiles/cmTC_ece71.dir/src.c.o -c /home/kuanghongliang/Documents/vscode_projects/kusr_code/build/CMakeFiles/CMakeTmp/src.c
cc: error: /wd4210: No such file or directory
make[1]: *** [CMakeFiles/cmTC_ece71.dir/build.make:85: CMakeFiles/cmTC_ece71.dir/src.c.o] Error 1
make[1]: Leaving directory '/home/kuanghongliang/Documents/vscode_projects/kusr_code/build/CMakeFiles/CMakeTmp'
make: *** [Makefile:140: cmTC_ece71/fast] Error 2


Source file was:
int main(void) { return 0; }
Performing C SOURCE FILE Test UV_LINT_NO_NONSTANDARD_NONSTATIC_DLIMPORT_MSVC failed with the following output:
Change Dir: /home/kuanghongliang/Documents/vscode_projects/kusr_code/build/CMakeFiles/CMakeTmp

Run Build Command(s):/usr/bin/make cmTC_23839/fast && /usr/bin/make  -f CMakeFiles/cmTC_23839.dir/build.make CMakeFiles/cmTC_23839.dir/build
make[1]: Entering directory '/home/kuanghongliang/Documents/vscode_projects/kusr_code/build/CMakeFiles/CMakeTmp'
Building C object CMakeFiles/cmTC_23839.dir/src.c.o
/usr/bin/cc   -DUV_LINT_NO_NONSTANDARD_NONSTATIC_DLIMPORT_MSVC   /wd4232 -o CMakeFiles/cmTC_23839.dir/src.c.o -c /home/kuanghongliang/Documents/vscode_projects/kusr_code/build/CMakeFiles/CMakeTmp/src.c
cc: error: /wd4232: No such file or directory
make[1]: *** [CMakeFiles/cmTC_23839.dir/build.make:85: CMakeFiles/cmTC_23839.dir/src.c.o] Error 1
make[1]: Leaving directory '/home/kuanghongliang/Documents/vscode_projects/kusr_code/build/CMakeFiles/CMakeTmp'
make: *** [Makefile:140: cmTC_23839/fast] Error 2


Source file was:
int main(void) { return 0; }
Performing C SOURCE FILE Test UV_LINT_NO_HIDES_LOCAL failed with the following output:
Change Dir: /home/kuanghongliang/Documents/vscode_projects/kusr_code/build/CMakeFiles/CMakeTmp

Run Build Command(s):/usr/bin/make cmTC_257b5/fast && /usr/bin/make  -f CMakeFiles/cmTC_257b5.dir/build.make CMakeFiles/cmTC_257b5.dir/build
make[1]: Entering directory '/home/kuanghongliang/Documents/vscode_projects/kusr_code/build/CMakeFiles/CMakeTmp'
Building C object CMakeFiles/cmTC_257b5.dir/src.c.o
/usr/bin/cc   -DUV_LINT_NO_HIDES_LOCAL   /wd4456 -o CMakeFiles/cmTC_257b5.dir/src.c.o -c /home/kuanghongliang/Documents/vscode_projects/kusr_code/build/CMakeFiles/CMakeTmp/src.c
cc: error: /wd4456: No such file or directory
make[1]: *** [CMakeFiles/cmTC_257b5.dir/build.make:85: CMakeFiles/cmTC_257b5.dir/src.c.o] Error 1
make[1]: Leaving directory '/home/kuanghongliang/Documents/vscode_projects/kusr_code/build/CMakeFiles/CMakeTmp'
make: *** [Makefile:140: cmTC_257b5/fast] Error 2


Source file was:
int main(void) { return 0; }
Performing C SOURCE FILE Test UV_LINT_NO_HIDES_PARAM failed with the following output:
Change Dir: /home/kuanghongliang/Documents/vscode_projects/kusr_code/build/CMakeFiles/CMakeTmp

Run Build Command(s):/usr/bin/make cmTC_bce76/fast && /usr/bin/make  -f CMakeFiles/cmTC_bce76.dir/build.make CMakeFiles/cmTC_bce76.dir/build
make[1]: Entering directory '/home/kuanghongliang/Documents/vscode_projects/kusr_code/build/CMakeFiles/CMakeTmp'
Building C object CMakeFiles/cmTC_bce76.dir/src.c.o
/usr/bin/cc   -DUV_LINT_NO_HIDES_PARAM   /wd4457 -o CMakeFiles/cmTC_bce76.dir/src.c.o -c /home/kuanghongliang/Documents/vscode_projects/kusr_code/build/CMakeFiles/CMakeTmp/src.c
cc: error: /wd4457: No such file or directory
make[1]: *** [CMakeFiles/cmTC_bce76.dir/build.make:85: CMakeFiles/cmTC_bce76.dir/src.c.o] Error 1
make[1]: Leaving directory '/home/kuanghongliang/Documents/vscode_projects/kusr_code/build/CMakeFiles/CMakeTmp'
make: *** [Makefile:140: cmTC_bce76/fast] Error 2


Source file was:
int main(void) { return 0; }
Performing C SOURCE FILE Test UV_LINT_NO_HIDES_GLOBAL failed with the following output:
Change Dir: /home/kuanghongliang/Documents/vscode_projects/kusr_code/build/CMakeFiles/CMakeTmp

Run Build Command(s):/usr/bin/make cmTC_bbd3d/fast && /usr/bin/make  -f CMakeFiles/cmTC_bbd3d.dir/build.make CMakeFiles/cmTC_bbd3d.dir/build
make[1]: Entering directory '/home/kuanghongliang/Documents/vscode_projects/kusr_code/build/CMakeFiles/CMakeTmp'
Building C object CMakeFiles/cmTC_bbd3d.dir/src.c.o
/usr/bin/cc   -DUV_LINT_NO_HIDES_GLOBAL   /wd4459 -o CMakeFiles/cmTC_bbd3d.dir/src.c.o -c /home/kuanghongliang/Documents/vscode_projects/kusr_code/build/CMakeFiles/CMakeTmp/src.c
cc: error: /wd4459: No such file or directory
make[1]: *** [CMakeFiles/cmTC_bbd3d.dir/build.make:85: CMakeFiles/cmTC_bbd3d.dir/src.c.o] Error 1
make[1]: Leaving directory '/home/kuanghongliang/Documents/vscode_projects/kusr_code/build/CMakeFiles/CMakeTmp'
make: *** [Makefile:140: cmTC_bbd3d/fast] Error 2


Source file was:
int main(void) { return 0; }
Performing C SOURCE FILE Test UV_LINT_NO_CONDITIONAL_ASSIGNMENT_MSVC failed with the following output:
Change Dir: /home/kuanghongliang/Documents/vscode_projects/kusr_code/build/CMakeFiles/CMakeTmp

Run Build Command(s):/usr/bin/make cmTC_6f8cd/fast && /usr/bin/make  -f CMakeFiles/cmTC_6f8cd.dir/build.make CMakeFiles/cmTC_6f8cd.dir/build
make[1]: Entering directory '/home/kuanghongliang/Documents/vscode_projects/kusr_code/build/CMakeFiles/CMakeTmp'
Building C object CMakeFiles/cmTC_6f8cd.dir/src.c.o
/usr/bin/cc   -DUV_LINT_NO_CONDITIONAL_ASSIGNMENT_MSVC   /wd4706 -o CMakeFiles/cmTC_6f8cd.dir/src.c.o -c /home/kuanghongliang/Documents/vscode_projects/kusr_code/build/CMakeFiles/CMakeTmp/src.c
cc: error: /wd4706: No such file or directory
make[1]: *** [CMakeFiles/cmTC_6f8cd.dir/build.make:85: CMakeFiles/cmTC_6f8cd.dir/src.c.o] Error 1
make[1]: Leaving directory '/home/kuanghongliang/Documents/vscode_projects/kusr_code/build/CMakeFiles/CMakeTmp'
make: *** [Makefile:140: cmTC_6f8cd/fast] Error 2


Source file was:
int main(void) { return 0; }
Performing C SOURCE FILE Test UV_LINT_NO_UNSAFE_MSVC failed with the following output:
Change Dir: /home/kuanghongliang/Documents/vscode_projects/kusr_code/build/CMakeFiles/CMakeTmp

Run Build Command(s):/usr/bin/make cmTC_60ed9/fast && /usr/bin/make  -f CMakeFiles/cmTC_60ed9.dir/build.make CMakeFiles/cmTC_60ed9.dir/build
make[1]: Entering directory '/home/kuanghongliang/Documents/vscode_projects/kusr_code/build/CMakeFiles/CMakeTmp'
Building C object CMakeFiles/cmTC_60ed9.dir/src.c.o
/usr/bin/cc   -DUV_LINT_NO_UNSAFE_MSVC   /wd4996 -o CMakeFiles/cmTC_60ed9.dir/src.c.o -c /home/kuanghongliang/Documents/vscode_projects/kusr_code/build/CMakeFiles/CMakeTmp/src.c
cc: error: /wd4996: No such file or directory
make[1]: *** [CMakeFiles/cmTC_60ed9.dir/build.make:85: CMakeFiles/cmTC_60ed9.dir/src.c.o] Error 1
make[1]: Leaving directory '/home/kuanghongliang/Documents/vscode_projects/kusr_code/build/CMakeFiles/CMakeTmp'
make: *** [Makefile:140: cmTC_60ed9/fast] Error 2


Source file was:
int main(void) { return 0; }
Performing C SOURCE FILE Test UV_LINT_UTF8_MSVC failed with the following output:
Change Dir: /home/kuanghongliang/Documents/vscode_projects/kusr_code/build/CMakeFiles/CMakeTmp

Run Build Command(s):/usr/bin/make cmTC_22ad1/fast && /usr/bin/make  -f CMakeFiles/cmTC_22ad1.dir/build.make CMakeFiles/cmTC_22ad1.dir/build
make[1]: Entering directory '/home/kuanghongliang/Documents/vscode_projects/kusr_code/build/CMakeFiles/CMakeTmp'
Building C object CMakeFiles/cmTC_22ad1.dir/src.c.o
/usr/bin/cc   -DUV_LINT_UTF8_MSVC   /utf-8 -o CMakeFiles/cmTC_22ad1.dir/src.c.o -c /home/kuanghongliang/Documents/vscode_projects/kusr_code/build/CMakeFiles/CMakeTmp/src.c
cc: error: /utf-8: No such file or directory
make[1]: *** [CMakeFiles/cmTC_22ad1.dir/build.make:85: CMakeFiles/cmTC_22ad1.dir/src.c.o] Error 1
make[1]: Leaving directory '/home/kuanghongliang/Documents/vscode_projects/kusr_code/build/CMakeFiles/CMakeTmp'
make: *** [Makefile:140: cmTC_22ad1/fast] Error 2


Source file was:
int main(void) { return 0; }
Performing C SOURCE FILE Test CMAKE_HAVE_LIBC_PTHREAD failed with the following output:
Change Dir: /home/kuanghongliang/Documents/vscode_projects/kusr_code/build/CMakeFiles/CMakeTmp

Run Build Command(s):/usr/bin/make cmTC_84989/fast && /usr/bin/make  -f CMakeFiles/cmTC_84989.dir/build.make CMakeFiles/cmTC_84989.dir/build
make[1]: Entering directory '/home/kuanghongliang/Documents/vscode_projects/kusr_code/build/CMakeFiles/CMakeTmp'
Building C object CMakeFiles/cmTC_84989.dir/src.c.o
/usr/bin/cc   -DCMAKE_HAVE_LIBC_PTHREAD -o CMakeFiles/cmTC_84989.dir/src.c.o -c /home/kuanghongliang/Documents/vscode_projects/kusr_code/build/CMakeFiles/CMakeTmp/src.c
Linking C executable cmTC_84989
/usr/local/bin/cmake -E cmake_link_script CMakeFiles/cmTC_84989.dir/link.txt --verbose=1
/usr/bin/cc  -DCMAKE_HAVE_LIBC_PTHREAD CMakeFiles/cmTC_84989.dir/src.c.o -o cmTC_84989 
/usr/bin/ld: CMakeFiles/cmTC_84989.dir/src.c.o: in function `main':
src.c:(.text+0x3e): undefined reference to `pthread_create'
/usr/bin/ld: src.c:(.text+0x4a): undefined reference to `pthread_detach'
/usr/bin/ld: src.c:(.text+0x56): undefined reference to `pthread_cancel'
/usr/bin/ld: src.c:(.text+0x67): undefined reference to `pthread_join'
collect2: error: ld returned 1 exit status
make[1]: *** [CMakeFiles/cmTC_84989.dir/build.make:106: cmTC_84989] Error 1
make[1]: Leaving directory '/home/kuanghongliang/Documents/vscode_projects/kusr_code/build/CMakeFiles/CMakeTmp'
make: *** [Makefile:140: cmTC_84989/fast] Error 2


Source file was:
#include <pthread.h>

void* test_func(void* data)
{
  return data;
}

int main(void)
{
  pthread_t thread;
  pthread_create(&thread, NULL, test_func, NULL);
  pthread_detach(thread);
  pthread_cancel(thread);
  pthread_join(thread, NULL);
  pthread_atfork(NULL, NULL, NULL);
  pthread_exit(NULL);

  return 0;
}

Determining if the function pthread_create exists in the pthreads failed with the following output:
Change Dir: /home/kuanghongliang/Documents/vscode_projects/kusr_code/build/CMakeFiles/CMakeTmp

Run Build Command(s):/usr/bin/make cmTC_5ad78/fast && /usr/bin/make  -f CMakeFiles/cmTC_5ad78.dir/build.make CMakeFiles/cmTC_5ad78.dir/build
make[1]: Entering directory '/home/kuanghongliang/Documents/vscode_projects/kusr_code/build/CMakeFiles/CMakeTmp'
Building C object CMakeFiles/cmTC_5ad78.dir/CheckFunctionExists.c.o
/usr/bin/cc   -DCHECK_FUNCTION_EXISTS=pthread_create -o CMakeFiles/cmTC_5ad78.dir/CheckFunctionExists.c.o -c /usr/local/share/cmake-3.18/Modules/CheckFunctionExists.c
Linking C executable cmTC_5ad78
/usr/local/bin/cmake -E cmake_link_script CMakeFiles/cmTC_5ad78.dir/link.txt --verbose=1
/usr/bin/cc  -DCHECK_FUNCTION_EXISTS=pthread_create -rdynamic CMakeFiles/cmTC_5ad78.dir/CheckFunctionExists.c.o -o cmTC_5ad78  -lpthreads 
/usr/bin/ld: cannot find -lpthreads
collect2: error: ld returned 1 exit status
make[1]: *** [CMakeFiles/cmTC_5ad78.dir/build.make:106: cmTC_5ad78] Error 1
make[1]: Leaving directory '/home/kuanghongliang/Documents/vscode_projects/kusr_code/build/CMakeFiles/CMakeTmp'
make: *** [Makefile:140: cmTC_5ad78/fast] Error 2



Performing C++ SOURCE FILE Test HAVE_CXX_FLAG_WSHORTEN_64_TO_32 failed with the following output:
Change Dir: /home/kuanghongliang/Documents/vscode_projects/kusr_code/build/CMakeFiles/CMakeTmp

Run Build Command(s):/usr/bin/make cmTC_ad409/fast && /usr/bin/make  -f CMakeFiles/cmTC_ad409.dir/build.make CMakeFiles/cmTC_ad409.dir/build
make[1]: Entering directory '/home/kuanghongliang/Documents/vscode_projects/kusr_code/build/CMakeFiles/CMakeTmp'
Building CXX object CMakeFiles/cmTC_ad409.dir/src.cxx.o
/usr/bin/c++   -Wall  -Wextra  -Wshadow  -Wfloat-equal  -Werror  -Wsuggest-override  -pedantic  -pedantic-errors -DHAVE_CXX_FLAG_WSHORTEN_64_TO_32  -Wshorten-64-to-32   -Wshorten-64-to-32 -std=c++11 -o CMakeFiles/cmTC_ad409.dir/src.cxx.o -c /home/kuanghongliang/Documents/vscode_projects/kusr_code/build/CMakeFiles/CMakeTmp/src.cxx
c++: error: unrecognized command line option '-Wshorten-64-to-32'
c++: error: unrecognized command line option '-Wshorten-64-to-32'
make[1]: *** [CMakeFiles/cmTC_ad409.dir/build.make:85: CMakeFiles/cmTC_ad409.dir/src.cxx.o] Error 1
make[1]: Leaving directory '/home/kuanghongliang/Documents/vscode_projects/kusr_code/build/CMakeFiles/CMakeTmp'
make: *** [Makefile:140: cmTC_ad409/fast] Error 2


Source file was:
int main() { return 0; }
Performing C++ SOURCE FILE Test HAVE_CXX_FLAG_WD654 failed with the following output:
Change Dir: /home/kuanghongliang/Documents/vscode_projects/kusr_code/build/CMakeFiles/CMakeTmp

Run Build Command(s):/usr/bin/make cmTC_74c80/fast && /usr/bin/make  -f CMakeFiles/cmTC_74c80.dir/build.make CMakeFiles/cmTC_74c80.dir/build
make[1]: Entering directory '/home/kuanghongliang/Documents/vscode_projects/kusr_code/build/CMakeFiles/CMakeTmp'
Building CXX object CMakeFiles/cmTC_74c80.dir/src.cxx.o
/usr/bin/c++   -Wall  -Wextra  -Wshadow  -Wfloat-equal  -Werror  -Wsuggest-override  -pedantic  -pedantic-errors  -fstrict-aliasing  -Wno-deprecated-declarations  -Wno-deprecated  -Wstrict-aliasing -DHAVE_CXX_FLAG_WD654  -wd654   -wd654 -std=c++11 -o CMakeFiles/cmTC_74c80.dir/src.cxx.o -c /home/kuanghongliang/Documents/vscode_projects/kusr_code/build/CMakeFiles/CMakeTmp/src.cxx
c++: error: unrecognized command line option '-wd654'
c++: error: unrecognized command line option '-wd654'
make[1]: *** [CMakeFiles/cmTC_74c80.dir/build.make:85: CMakeFiles/cmTC_74c80.dir/src.cxx.o] Error 1
make[1]: Leaving directory '/home/kuanghongliang/Documents/vscode_projects/kusr_code/build/CMakeFiles/CMakeTmp'
make: *** [Makefile:140: cmTC_74c80/fast] Error 2


Source file was:
int main() { return 0; }
Performing C++ SOURCE FILE Test HAVE_CXX_FLAG_WTHREAD_SAFETY failed with the following output:
Change Dir: /home/kuanghongliang/Documents/vscode_projects/kusr_code/build/CMakeFiles/CMakeTmp

Run Build Command(s):/usr/bin/make cmTC_d4880/fast && /usr/bin/make  -f CMakeFiles/cmTC_d4880.dir/build.make CMakeFiles/cmTC_d4880.dir/build
make[1]: Entering directory '/home/kuanghongliang/Documents/vscode_projects/kusr_code/build/CMakeFiles/CMakeTmp'
Building CXX object CMakeFiles/cmTC_d4880.dir/src.cxx.o
/usr/bin/c++   -Wall  -Wextra  -Wshadow  -Wfloat-equal  -Werror  -Wsuggest-override  -pedantic  -pedantic-errors  -fstrict-aliasing  -Wno-deprecated-declarations  -Wno-deprecated  -Wstrict-aliasing -DHAVE_CXX_FLAG_WTHREAD_SAFETY  -Wthread-safety   -Wthread-safety -std=c++11 -o CMakeFiles/cmTC_d4880.dir/src.cxx.o -c /home/kuanghongliang/Documents/vscode_projects/kusr_code/build/CMakeFiles/CMakeTmp/src.cxx
c++: error: unrecognized command line option '-Wthread-safety'; did you mean '-fthread-jumps'?
c++: error: unrecognized command line option '-Wthread-safety'; did you mean '-fthread-jumps'?
make[1]: *** [CMakeFiles/cmTC_d4880.dir/build.make:85: CMakeFiles/cmTC_d4880.dir/src.cxx.o] Error 1
make[1]: Leaving directory '/home/kuanghongliang/Documents/vscode_projects/kusr_code/build/CMakeFiles/CMakeTmp'
make: *** [Makefile:140: cmTC_d4880/fast] Error 2


Source file was:
int main() { return 0; }
Performing C++ SOURCE FILE Test i386 failed with the following output:
Change Dir: /home/kuanghongliang/Documents/vscode_projects/kusr_code/build/CMakeFiles/CMakeTmp

Run Build Command(s):/usr/bin/make cmTC_ec09a/fast && /usr/bin/make  -f CMakeFiles/cmTC_ec09a.dir/build.make CMakeFiles/cmTC_ec09a.dir/build
make[1]: Entering directory '/home/kuanghongliang/Documents/vscode_projects/kusr_code/build/CMakeFiles/CMakeTmp'
Building CXX object CMakeFiles/cmTC_ec09a.dir/src.cxx.o
/usr/bin/c++   -Di386 -o CMakeFiles/cmTC_ec09a.dir/src.cxx.o -c /home/kuanghongliang/Documents/vscode_projects/kusr_code/build/CMakeFiles/CMakeTmp/src.cxx
/home/kuanghongliang/Documents/vscode_projects/kusr_code/build/CMakeFiles/CMakeTmp/src.cxx: In function ‘int main()’:
/home/kuanghongliang/Documents/vscode_projects/kusr_code/build/CMakeFiles/CMakeTmp/src.cxx:1:21: error: ‘__i386__’ was not declared in this scope
 int main() { return __i386__; }
                     ^~~~~~~~
/home/kuanghongliang/Documents/vscode_projects/kusr_code/build/CMakeFiles/CMakeTmp/src.cxx:1:21: note: suggested alternative: ‘__k8__’
 int main() { return __i386__; }
                     ^~~~~~~~
                     __k8__
make[1]: *** [CMakeFiles/cmTC_ec09a.dir/build.make:85: CMakeFiles/cmTC_ec09a.dir/src.cxx.o] Error 1
make[1]: Leaving directory '/home/kuanghongliang/Documents/vscode_projects/kusr_code/build/CMakeFiles/CMakeTmp'
make: *** [Makefile:140: cmTC_ec09a/fast] Error 2


Source file was:
int main() { return __i386__; }
Performing C++ SOURCE FILE Test s390 failed with the following output:
Change Dir: /home/kuanghongliang/Documents/vscode_projects/kusr_code/build/CMakeFiles/CMakeTmp

Run Build Command(s):/usr/bin/make cmTC_bdb1c/fast && /usr/bin/make  -f CMakeFiles/cmTC_bdb1c.dir/build.make CMakeFiles/cmTC_bdb1c.dir/build
make[1]: Entering directory '/home/kuanghongliang/Documents/vscode_projects/kusr_code/build/CMakeFiles/CMakeTmp'
Building CXX object CMakeFiles/cmTC_bdb1c.dir/src.cxx.o
/usr/bin/c++   -Ds390 -o CMakeFiles/cmTC_bdb1c.dir/src.cxx.o -c /home/kuanghongliang/Documents/vscode_projects/kusr_code/build/CMakeFiles/CMakeTmp/src.cxx
/home/kuanghongliang/Documents/vscode_projects/kusr_code/build/CMakeFiles/CMakeTmp/src.cxx: In function ‘int main()’:
/home/kuanghongliang/Documents/vscode_projects/kusr_code/build/CMakeFiles/CMakeTmp/src.cxx:1:21: error: ‘__s390__’ was not declared in this scope
 int main() { return __s390__; }
                     ^~~~~~~~
/home/kuanghongliang/Documents/vscode_projects/kusr_code/build/CMakeFiles/CMakeTmp/src.cxx:1:21: note: suggested alternative: ‘__DATE__’
 int main() { return __s390__; }
                     ^~~~~~~~
                     __DATE__
make[1]: *** [CMakeFiles/cmTC_bdb1c.dir/build.make:85: CMakeFiles/cmTC_bdb1c.dir/src.cxx.o] Error 1
make[1]: Leaving directory '/home/kuanghongliang/Documents/vscode_projects/kusr_code/build/CMakeFiles/CMakeTmp'
make: *** [Makefile:140: cmTC_bdb1c/fast] Error 2


Source file was:
int main() { return __s390__; }
Performing C++ SOURCE FILE Test PPC64 failed with the following output:
Change Dir: /home/kuanghongliang/Documents/vscode_projects/kusr_code/build/CMakeFiles/CMakeTmp

Run Build Command(s):/usr/bin/make cmTC_5851a/fast && /usr/bin/make  -f CMakeFiles/cmTC_5851a.dir/build.make CMakeFiles/cmTC_5851a.dir/build
make[1]: Entering directory '/home/kuanghongliang/Documents/vscode_projects/kusr_code/build/CMakeFiles/CMakeTmp'
Building CXX object CMakeFiles/cmTC_5851a.dir/src.cxx.o
/usr/bin/c++   -DPPC64 -o CMakeFiles/cmTC_5851a.dir/src.cxx.o -c /home/kuanghongliang/Documents/vscode_projects/kusr_code/build/CMakeFiles/CMakeTmp/src.cxx
/home/kuanghongliang/Documents/vscode_projects/kusr_code/build/CMakeFiles/CMakeTmp/src.cxx: In function ‘int main()’:
/home/kuanghongliang/Documents/vscode_projects/kusr_code/build/CMakeFiles/CMakeTmp/src.cxx:1:21: error: ‘__PPC64__’ was not declared in this scope
 int main() { return __PPC64__; }
                     ^~~~~~~~~
/home/kuanghongliang/Documents/vscode_projects/kusr_code/build/CMakeFiles/CMakeTmp/src.cxx:1:21: note: suggested alternative: ‘__LP64__’
 int main() { return __PPC64__; }
                     ^~~~~~~~~
                     __LP64__
make[1]: *** [CMakeFiles/cmTC_5851a.dir/build.make:85: CMakeFiles/cmTC_5851a.dir/src.cxx.o] Error 1
make[1]: Leaving directory '/home/kuanghongliang/Documents/vscode_projects/kusr_code/build/CMakeFiles/CMakeTmp'
make: *** [Makefile:140: cmTC_5851a/fast] Error 2


Source file was:
int main() { return __PPC64__; }
Performing C++ SOURCE FILE Test ARM failed with the following output:
Change Dir: /home/kuanghongliang/Documents/vscode_projects/kusr_code/build/CMakeFiles/CMakeTmp

Run Build Command(s):/usr/bin/make cmTC_76097/fast && /usr/bin/make  -f CMakeFiles/cmTC_76097.dir/build.make CMakeFiles/cmTC_76097.dir/build
make[1]: Entering directory '/home/kuanghongliang/Documents/vscode_projects/kusr_code/build/CMakeFiles/CMakeTmp'
Building CXX object CMakeFiles/cmTC_76097.dir/src.cxx.o
/usr/bin/c++   -DARM -o CMakeFiles/cmTC_76097.dir/src.cxx.o -c /home/kuanghongliang/Documents/vscode_projects/kusr_code/build/CMakeFiles/CMakeTmp/src.cxx
/home/kuanghongliang/Documents/vscode_projects/kusr_code/build/CMakeFiles/CMakeTmp/src.cxx: In function ‘int main()’:
/home/kuanghongliang/Documents/vscode_projects/kusr_code/build/CMakeFiles/CMakeTmp/src.cxx:1:21: error: ‘__arm__’ was not declared in this scope
 int main() { return __arm__; }
                     ^~~~~~~
/home/kuanghongliang/Documents/vscode_projects/kusr_code/build/CMakeFiles/CMakeTmp/src.cxx:1:21: note: suggested alternative: ‘__pie__’
 int main() { return __arm__; }
                     ^~~~~~~
                     __pie__
make[1]: *** [CMakeFiles/cmTC_76097.dir/build.make:85: CMakeFiles/cmTC_76097.dir/src.cxx.o] Error 1
make[1]: Leaving directory '/home/kuanghongliang/Documents/vscode_projects/kusr_code/build/CMakeFiles/CMakeTmp'
make: *** [Makefile:140: cmTC_76097/fast] Error 2


Source file was:
int main() { return __arm__; }
Performing C++ SOURCE FILE Test FreeBSD failed with the following output:
Change Dir: /home/kuanghongliang/Documents/vscode_projects/kusr_code/build/CMakeFiles/CMakeTmp

Run Build Command(s):/usr/bin/make cmTC_348e4/fast && /usr/bin/make  -f CMakeFiles/cmTC_348e4.dir/build.make CMakeFiles/cmTC_348e4.dir/build
make[1]: Entering directory '/home/kuanghongliang/Documents/vscode_projects/kusr_code/build/CMakeFiles/CMakeTmp'
Building CXX object CMakeFiles/cmTC_348e4.dir/src.cxx.o
/usr/bin/c++   -DFreeBSD -o CMakeFiles/cmTC_348e4.dir/src.cxx.o -c /home/kuanghongliang/Documents/vscode_projects/kusr_code/build/CMakeFiles/CMakeTmp/src.cxx
/home/kuanghongliang/Documents/vscode_projects/kusr_code/build/CMakeFiles/CMakeTmp/src.cxx: In function ‘int main()’:
/home/kuanghongliang/Documents/vscode_projects/kusr_code/build/CMakeFiles/CMakeTmp/src.cxx:1:21: error: ‘__FreeBSD__’ was not declared in this scope
 int main() { return __FreeBSD__; }
                     ^~~~~~~~~~~
/home/kuanghongliang/Documents/vscode_projects/kusr_code/build/CMakeFiles/CMakeTmp/src.cxx:1:21: note: suggested alternative: ‘FreeBSD’
 int main() { return __FreeBSD__; }
                     ^~~~~~~~~~~
                     FreeBSD
make[1]: *** [CMakeFiles/cmTC_348e4.dir/build.make:85: CMakeFiles/cmTC_348e4.dir/src.cxx.o] Error 1
make[1]: Leaving directory '/home/kuanghongliang/Documents/vscode_projects/kusr_code/build/CMakeFiles/CMakeTmp'
make: *** [Makefile:140: cmTC_348e4/fast] Error 2


Source file was:
int main() { return __FreeBSD__; }
Performing C++ SOURCE FILE Test MINGW failed with the following output:
Change Dir: /home/kuanghongliang/Documents/vscode_projects/kusr_code/build/CMakeFiles/CMakeTmp

Run Build Command(s):/usr/bin/make cmTC_8c314/fast && /usr/bin/make  -f CMakeFiles/cmTC_8c314.dir/build.make CMakeFiles/cmTC_8c314.dir/build
make[1]: Entering directory '/home/kuanghongliang/Documents/vscode_projects/kusr_code/build/CMakeFiles/CMakeTmp'
Building CXX object CMakeFiles/cmTC_8c314.dir/src.cxx.o
/usr/bin/c++   -DMINGW -o CMakeFiles/cmTC_8c314.dir/src.cxx.o -c /home/kuanghongliang/Documents/vscode_projects/kusr_code/build/CMakeFiles/CMakeTmp/src.cxx
/home/kuanghongliang/Documents/vscode_projects/kusr_code/build/CMakeFiles/CMakeTmp/src.cxx: In function ‘int main()’:
/home/kuanghongliang/Documents/vscode_projects/kusr_code/build/CMakeFiles/CMakeTmp/src.cxx:1:21: error: ‘__MINGW__’ was not declared in this scope
 int main() { return __MINGW__; }
                     ^~~~~~~~~
/home/kuanghongliang/Documents/vscode_projects/kusr_code/build/CMakeFiles/CMakeTmp/src.cxx:1:21: note: suggested alternative: ‘__LINE__’
 int main() { return __MINGW__; }
                     ^~~~~~~~~
                     __LINE__
make[1]: *** [CMakeFiles/cmTC_8c314.dir/build.make:85: CMakeFiles/cmTC_8c314.dir/src.cxx.o] Error 1
make[1]: Leaving directory '/home/kuanghongliang/Documents/vscode_projects/kusr_code/build/CMakeFiles/CMakeTmp'
make: *** [Makefile:140: cmTC_8c314/fast] Error 2


Source file was:
int main() { return __MINGW__; }
Performing C++ SOURCE FILE Test OSX failed with the following output:
Change Dir: /home/kuanghongliang/Documents/vscode_projects/kusr_code/build/CMakeFiles/CMakeTmp

Run Build Command(s):/usr/bin/make cmTC_683f3/fast && /usr/bin/make  -f CMakeFiles/cmTC_683f3.dir/build.make CMakeFiles/cmTC_683f3.dir/build
make[1]: Entering directory '/home/kuanghongliang/Documents/vscode_projects/kusr_code/build/CMakeFiles/CMakeTmp'
Building CXX object CMakeFiles/cmTC_683f3.dir/src.cxx.o
/usr/bin/c++   -DOSX -o CMakeFiles/cmTC_683f3.dir/src.cxx.o -c /home/kuanghongliang/Documents/vscode_projects/kusr_code/build/CMakeFiles/CMakeTmp/src.cxx
/home/kuanghongliang/Documents/vscode_projects/kusr_code/build/CMakeFiles/CMakeTmp/src.cxx: In function ‘int main()’:
/home/kuanghongliang/Documents/vscode_projects/kusr_code/build/CMakeFiles/CMakeTmp/src.cxx:1:21: error: ‘__APPLE__’ was not declared in this scope
 int main() { return __APPLE__; }
                     ^~~~~~~~~
/home/kuanghongliang/Documents/vscode_projects/kusr_code/build/CMakeFiles/CMakeTmp/src.cxx:1:21: note: suggested alternative: ‘__FILE__’
 int main() { return __APPLE__; }
                     ^~~~~~~~~
                     __FILE__
make[1]: *** [CMakeFiles/cmTC_683f3.dir/build.make:85: CMakeFiles/cmTC_683f3.dir/src.cxx.o] Error 1
make[1]: Leaving directory '/home/kuanghongliang/Documents/vscode_projects/kusr_code/build/CMakeFiles/CMakeTmp'
make: *** [Makefile:140: cmTC_683f3/fast] Error 2


Source file was:
int main() { return __APPLE__; }
Determining if the cfree exist failed with the following output:
Change Dir: /home/kuanghongliang/Documents/vscode_projects/kusr_code/build/CMakeFiles/CMakeTmp

Run Build Command(s):/usr/bin/make cmTC_a6373/fast && /usr/bin/make  -f CMakeFiles/cmTC_a6373.dir/build.make CMakeFiles/cmTC_a6373.dir/build
make[1]: Entering directory '/home/kuanghongliang/Documents/vscode_projects/kusr_code/build/CMakeFiles/CMakeTmp'
Building C object CMakeFiles/cmTC_a6373.dir/CheckSymbolExists.c.o
/usr/bin/cc -D_XOPEN_SOURCE=600   -o CMakeFiles/cmTC_a6373.dir/CheckSymbolExists.c.o -c /home/kuanghongliang/Documents/vscode_projects/kusr_code/build/CMakeFiles/CMakeTmp/CheckSymbolExists.c
/home/kuanghongliang/Documents/vscode_projects/kusr_code/build/CMakeFiles/CMakeTmp/CheckSymbolExists.c: In function ‘main’:
/home/kuanghongliang/Documents/vscode_projects/kusr_code/build/CMakeFiles/CMakeTmp/CheckSymbolExists.c:9:19: error: ‘cfree’ undeclared (first use in this function); did you mean ‘free’?
   return ((int*)(&cfree))[argc];
                   ^~~~~
                   free
/home/kuanghongliang/Documents/vscode_projects/kusr_code/build/CMakeFiles/CMakeTmp/CheckSymbolExists.c:9:19: note: each undeclared identifier is reported only once for each function it appears in
make[1]: *** [CMakeFiles/cmTC_a6373.dir/build.make:85: CMakeFiles/cmTC_a6373.dir/CheckSymbolExists.c.o] Error 1
make[1]: Leaving directory '/home/kuanghongliang/Documents/vscode_projects/kusr_code/build/CMakeFiles/CMakeTmp'
make: *** [Makefile:140: cmTC_a6373/fast] Error 2


File /home/kuanghongliang/Documents/vscode_projects/kusr_code/build/CMakeFiles/CMakeTmp/CheckSymbolExists.c:
/* */
#include <stdlib.h>
#include <malloc.h>

int main(int argc, char** argv)
{
  (void)argv;
#ifndef cfree
  return ((int*)(&cfree))[argc];
#else
  (void)argc;
  return 0;
#endif
}
Performing C SOURCE FILE Test INT32_EQUALS_INTPTR failed with the following output:
Change Dir: /home/kuanghongliang/Documents/vscode_projects/kusr_code/build/CMakeFiles/CMakeTmp

Run Build Command(s):/usr/bin/make cmTC_9fca5/fast && /usr/bin/make  -f CMakeFiles/cmTC_9fca5.dir/build.make CMakeFiles/cmTC_9fca5.dir/build
make[1]: Entering directory '/home/kuanghongliang/Documents/vscode_projects/kusr_code/build/CMakeFiles/CMakeTmp'
Building C object CMakeFiles/cmTC_9fca5.dir/src.c.o
/usr/bin/cc   -DINT32_EQUALS_INTPTR -o CMakeFiles/cmTC_9fca5.dir/src.c.o -c /home/kuanghongliang/Documents/vscode_projects/kusr_code/build/CMakeFiles/CMakeTmp/src.c
/home/kuanghongliang/Documents/vscode_projects/kusr_code/build/CMakeFiles/CMakeTmp/src.c: In function ‘main’:
/home/kuanghongliang/Documents/vscode_projects/kusr_code/build/CMakeFiles/CMakeTmp/src.c:7:17: error: invalid operands to binary - (have ‘int32_t * {aka int *}’ and ‘intptr_t * {aka long int *}’)
     return (&v1 - &v2);
             ~~~ ^ ~~~
make[1]: *** [CMakeFiles/cmTC_9fca5.dir/build.make:85: CMakeFiles/cmTC_9fca5.dir/src.c.o] Error 1
make[1]: Leaving directory '/home/kuanghongliang/Documents/vscode_projects/kusr_code/build/CMakeFiles/CMakeTmp'
make: *** [Makefile:140: cmTC_9fca5/fast] Error 2


Source file was:

  #include <stdint.h>
  int main()
  {
    int32_t v1 = 0;
    intptr_t v2 = 0;
    return (&v1 - &v2);
  }
Determining if the include file cygwin/signal.h exists failed with the following output:
Change Dir: /home/kuanghongliang/Documents/vscode_projects/kusr_code/build/CMakeFiles/CMakeTmp

Run Build Command(s):/usr/bin/make cmTC_f6764/fast && /usr/bin/make  -f CMakeFiles/cmTC_f6764.dir/build.make CMakeFiles/cmTC_f6764.dir/build
make[1]: Entering directory '/home/kuanghongliang/Documents/vscode_projects/kusr_code/build/CMakeFiles/CMakeTmp'
Building C object CMakeFiles/cmTC_f6764.dir/CheckIncludeFile.c.o
/usr/bin/cc    -o CMakeFiles/cmTC_f6764.dir/CheckIncludeFile.c.o -c /home/kuanghongliang/Documents/vscode_projects/kusr_code/build/CMakeFiles/CMakeTmp/CheckIncludeFile.c
/home/kuanghongliang/Documents/vscode_projects/kusr_code/build/CMakeFiles/CMakeTmp/CheckIncludeFile.c:1:10: fatal error: cygwin/signal.h: No such file or directory
 #include <cygwin/signal.h>
          ^~~~~~~~~~~~~~~~~
compilation terminated.
make[1]: *** [CMakeFiles/cmTC_f6764.dir/build.make:85: CMakeFiles/cmTC_f6764.dir/CheckIncludeFile.c.o] Error 1
make[1]: Leaving directory '/home/kuanghongliang/Documents/vscode_projects/kusr_code/build/CMakeFiles/CMakeTmp'
make: *** [Makefile:140: cmTC_f6764/fast] Error 2



Performing C SOURCE FILE Test HAVE_uc_mcontext_gregs_REG_PC_ failed with the following output:
Change Dir: /home/kuanghongliang/Documents/vscode_projects/kusr_code/build/CMakeFiles/CMakeTmp

Run Build Command(s):/usr/bin/make cmTC_b9cae/fast && /usr/bin/make  -f CMakeFiles/cmTC_b9cae.dir/build.make CMakeFiles/cmTC_b9cae.dir/build
make[1]: Entering directory '/home/kuanghongliang/Documents/vscode_projects/kusr_code/build/CMakeFiles/CMakeTmp'
Building C object CMakeFiles/cmTC_b9cae.dir/src.c.o
/usr/bin/cc -D_GNU_SOURCE=1  -DHAVE_uc_mcontext_gregs_REG_PC_ -o CMakeFiles/cmTC_b9cae.dir/src.c.o -c /home/kuanghongliang/Documents/vscode_projects/kusr_code/build/CMakeFiles/CMakeTmp/src.c
/home/kuanghongliang/Documents/vscode_projects/kusr_code/build/CMakeFiles/CMakeTmp/src.c: In function ‘main’:
/home/kuanghongliang/Documents/vscode_projects/kusr_code/build/CMakeFiles/CMakeTmp/src.c:2:55: error: ‘REG_PC’ undeclared (first use in this function); did you mean ‘REG_RCX’?
 int main() { ucontext_t u; return u.uc_mcontext.gregs[REG_PC] == 0; }
                                                       ^~~~~~
                                                       REG_RCX
/home/kuanghongliang/Documents/vscode_projects/kusr_code/build/CMakeFiles/CMakeTmp/src.c:2:55: note: each undeclared identifier is reported only once for each function it appears in
make[1]: *** [CMakeFiles/cmTC_b9cae.dir/build.make:85: CMakeFiles/cmTC_b9cae.dir/src.c.o] Error 1
make[1]: Leaving directory '/home/kuanghongliang/Documents/vscode_projects/kusr_code/build/CMakeFiles/CMakeTmp'
make: *** [Makefile:140: cmTC_b9cae/fast] Error 2


Source file was:
#include <sys/ucontext.h>
int main() { ucontext_t u; return u.uc_mcontext.gregs[REG_PC] == 0; }
Performing C SOURCE FILE Test HAVE_uc_mcontext_gregs_REG_EIP_ failed with the following output:
Change Dir: /home/kuanghongliang/Documents/vscode_projects/kusr_code/build/CMakeFiles/CMakeTmp

Run Build Command(s):/usr/bin/make cmTC_44fd2/fast && /usr/bin/make  -f CMakeFiles/cmTC_44fd2.dir/build.make CMakeFiles/cmTC_44fd2.dir/build
make[1]: Entering directory '/home/kuanghongliang/Documents/vscode_projects/kusr_code/build/CMakeFiles/CMakeTmp'
Building C object CMakeFiles/cmTC_44fd2.dir/src.c.o
/usr/bin/cc -D_GNU_SOURCE=1  -DHAVE_uc_mcontext_gregs_REG_EIP_ -o CMakeFiles/cmTC_44fd2.dir/src.c.o -c /home/kuanghongliang/Documents/vscode_projects/kusr_code/build/CMakeFiles/CMakeTmp/src.c
/home/kuanghongliang/Documents/vscode_projects/kusr_code/build/CMakeFiles/CMakeTmp/src.c: In function ‘main’:
/home/kuanghongliang/Documents/vscode_projects/kusr_code/build/CMakeFiles/CMakeTmp/src.c:2:55: error: ‘REG_EIP’ undeclared (first use in this function); did you mean ‘REG_RIP’?
 int main() { ucontext_t u; return u.uc_mcontext.gregs[REG_EIP] == 0; }
                                                       ^~~~~~~
                                                       REG_RIP
/home/kuanghongliang/Documents/vscode_projects/kusr_code/build/CMakeFiles/CMakeTmp/src.c:2:55: note: each undeclared identifier is reported only once for each function it appears in
make[1]: *** [CMakeFiles/cmTC_44fd2.dir/build.make:85: CMakeFiles/cmTC_44fd2.dir/src.c.o] Error 1
make[1]: Leaving directory '/home/kuanghongliang/Documents/vscode_projects/kusr_code/build/CMakeFiles/CMakeTmp'
make: *** [Makefile:140: cmTC_44fd2/fast] Error 2


Source file was:
#include <sys/ucontext.h>
int main() { ucontext_t u; return u.uc_mcontext.gregs[REG_EIP] == 0; }
Performing C++ SOURCE FILE Test have_pthread_despite_asking_for failed with the following output:
Change Dir: /home/kuanghongliang/Documents/vscode_projects/kusr_code/build/CMakeFiles/CMakeTmp

Run Build Command(s):/usr/bin/make cmTC_c7602/fast && /usr/bin/make  -f CMakeFiles/cmTC_c7602.dir/build.make CMakeFiles/cmTC_c7602.dir/build
make[1]: Entering directory '/home/kuanghongliang/Documents/vscode_projects/kusr_code/build/CMakeFiles/CMakeTmp'
Building CXX object CMakeFiles/cmTC_c7602.dir/src.cxx.o
/usr/bin/c++ -D_GNU_SOURCE=1  -Dhave_pthread_despite_asking_for -std=gnu++1z -o CMakeFiles/cmTC_c7602.dir/src.cxx.o -c /home/kuanghongliang/Documents/vscode_projects/kusr_code/build/CMakeFiles/CMakeTmp/src.cxx
Linking CXX executable cmTC_c7602
/usr/local/bin/cmake -E cmake_link_script CMakeFiles/cmTC_c7602.dir/link.txt --verbose=1
/usr/bin/c++  -Dhave_pthread_despite_asking_for CMakeFiles/cmTC_c7602.dir/src.cxx.o -o cmTC_c7602 
/usr/bin/ld: CMakeFiles/cmTC_c7602.dir/src.cxx.o: in function `main':
src.cxx:(.text+0x15): undefined reference to `pthread_join'
collect2: error: ld returned 1 exit status
make[1]: *** [CMakeFiles/cmTC_c7602.dir/build.make:106: cmTC_c7602] Error 1
make[1]: Leaving directory '/home/kuanghongliang/Documents/vscode_projects/kusr_code/build/CMakeFiles/CMakeTmp'
make: *** [Makefile:140: cmTC_c7602/fast] Error 2


Source file was:
#include <string>
     #include <vector>
     int main() { pthread_t th; pthread_join(th, 0); return 0; }
